19:39:03 [main] INFO  testCases.AccountRegistrationTest - *****Executing verify_Account_Registration****
19:39:03 [main] INFO  testCases.AccountRegistrationTest - clicked on myaccount
19:39:04 [main] INFO  testCases.AccountRegistrationTest - clicked on register
19:39:08 [main] INFO  testCases.AccountRegistrationTest - verifying the Account Created message
17:11:06 [main] INFO  testCases.AccountRegistrationTest - *****Executing verify_Account_Registration****
17:11:06 [main] INFO  testCases.AccountRegistrationTest - clicked on myaccount
17:11:06 [main] INFO  testCases.AccountRegistrationTest - clicked on register
17:11:08 [main] INFO  testCases.AccountRegistrationTest - verifying the Account Created message
17:11:08 [main] INFO  testCases.AccountRegistrationTest - *****Executing verify_Account_Registration****
17:11:09 [main] ERROR testCases.AccountRegistrationTest - error logs....
17:11:12 [main] INFO  testCases.AccountRegistrationTest - *****Executing verify_Account_Registration****
17:11:12 [main] INFO  testCases.AccountRegistrationTest - clicked on myaccount
17:11:13 [main] INFO  testCases.AccountRegistrationTest - clicked on register
17:11:14 [main] INFO  testCases.AccountRegistrationTest - verifying the Account Created message
17:49:49 [main] INFO  testCases.AccountRegistrationTest - *****Executing verify_Account_Registration****
17:49:49 [main] INFO  testCases.AccountRegistrationTest - clicked on myaccount
17:49:50 [main] INFO  testCases.AccountRegistrationTest - clicked on register
17:49:51 [main] INFO  testCases.AccountRegistrationTest - verifying the Account Created message
19:06:45 [main] INFO  testCases.TC002_LoginTest - ***starting verify_login Test
19:06:45 [main] INFO  testCases.TC002_LoginTest - Clicked on 'My Account'
19:06:45 [main] INFO  testCases.TC002_LoginTest - Clicked on 'login'
19:09:16 [main] INFO  testCases.TC002_LoginTest - ***starting verify_login Test
19:09:16 [main] INFO  testCases.TC002_LoginTest - Clicked on 'My Account'
19:09:16 [main] INFO  testCases.TC002_LoginTest - Clicked on 'login'
19:11:42 [main] INFO  testCases.TC002_LoginTest - ***starting verify_login Test
19:11:42 [main] INFO  testCases.TC002_LoginTest - Clicked on 'My Account'
19:11:43 [main] INFO  testCases.TC002_LoginTest - Clicked on 'login'
19:17:42 [main] INFO  testCases.TC002_LoginTest - ***starting verify_login Test
19:17:42 [main] INFO  testCases.TC002_LoginTest - Clicked on 'My Account'
19:17:42 [main] INFO  testCases.TC002_LoginTest - Clicked on 'login'
19:19:59 [main] INFO  testCases.TC002_LoginTest - ***starting verify_login Test
19:19:59 [main] INFO  testCases.TC002_LoginTest - Clicked on 'My Account'
19:19:59 [main] INFO  testCases.TC002_LoginTest - Clicked on 'login'
19:23:36 [main] INFO  testCases.TC002_LoginTest - ***starting verify_login Test
19:23:36 [main] INFO  testCases.TC002_LoginTest - Clicked on 'My Account'
19:23:37 [main] INFO  testCases.TC002_LoginTest - Clicked on 'login'
19:24:12 [main] INFO  testCases.TC002_LoginTest - ***starting verify_login Test
19:24:13 [main] INFO  testCases.TC002_LoginTest - Clicked on 'My Account'
19:24:13 [main] INFO  testCases.TC002_LoginTest - Clicked on 'login'
19:26:18 [main] INFO  testCases.TC002_LoginTest - ***starting verify_login Test
19:26:18 [main] INFO  testCases.TC002_LoginTest - Clicked on 'My Account'
19:26:18 [main] INFO  testCases.TC002_LoginTest - Clicked on 'login'
19:29:07 [main] INFO  testCases.TC002_LoginTest - ***starting verify_login Test
19:29:07 [main] INFO  testCases.TC002_LoginTest - Clicked on 'My Account'
19:29:07 [main] INFO  testCases.TC002_LoginTest - Clicked on 'login'
20:27:58 [main] INFO  testCases.TC002_LoginTest - ***starting verify_login Test
20:27:58 [main] INFO  testCases.TC002_LoginTest - Clicked on 'My Account'
20:27:58 [main] INFO  testCases.TC002_LoginTest - Clicked on 'login'
20:29:45 [main] INFO  testCases.TC002_LoginTest - ***starting verify_login Test
20:29:45 [main] INFO  testCases.TC002_LoginTest - Clicked on 'My Account'
20:29:46 [main] INFO  testCases.TC002_LoginTest - Clicked on 'login'
20:32:27 [main] INFO  testCases.TC002_LoginTest - ***starting verify_login Test
20:32:27 [main] INFO  testCases.TC002_LoginTest - Clicked on 'My Account'
20:32:28 [main] INFO  testCases.TC002_LoginTest - Clicked on 'login'
20:41:45 [main] INFO  testCases.TC002_LoginTest - ***starting verify_login Test
20:41:45 [main] INFO  testCases.TC002_LoginTest - Clicked on 'My Account'
20:41:45 [main] INFO  testCases.TC002_LoginTest - Clicked on 'login'
20:43:12 [main] INFO  testCases.TC002_LoginTest - ***starting verify_login Test
20:43:12 [main] INFO  testCases.TC002_LoginTest - Clicked on 'My Account'
20:43:12 [main] INFO  testCases.TC002_LoginTest - Clicked on 'login'
20:54:55 [main] INFO  testCases.TC002_LoginTest - ***starting verify_login Test
20:56:05 [main] INFO  testCases.TC002_LoginTest - ***starting verify_login Test
09:38:40 [main] INFO  testCases.TC002_LoginTest - ***starting verify_login Test
09:38:40 [main] INFO  testCases.TC002_LoginTest - Clicked on 'My Account'
09:38:40 [main] INFO  testCases.TC002_LoginTest - Clicked on 'login'
09:39:29 [main] INFO  testCases.TC001_AccountRegistrationTest - *****Executing verify_Account_Registration****
09:39:29 [main] INFO  testCases.TC001_AccountRegistrationTest - clicked on myaccount
09:39:30 [main] INFO  testCases.TC001_AccountRegistrationTest - clicked on register
09:39:31 [main] INFO  testCases.TC001_AccountRegistrationTest - verifying the Account Created message
09:42:06 [main] INFO  testCases.TC001_AccountRegistrationTest - *****Executing verify_Account_Registration****
09:42:06 [main] INFO  testCases.TC001_AccountRegistrationTest - clicked on myaccount
09:42:07 [main] INFO  testCases.TC001_AccountRegistrationTest - clicked on register
09:42:09 [main] INFO  testCases.TC001_AccountRegistrationTest - verifying the Account Created message
09:42:29 [main] INFO  testCases.TC002_LoginTest - ***starting verify_login Test
09:42:30 [main] INFO  testCases.TC002_LoginTest - Clicked on 'My Account'
09:42:30 [main] INFO  testCases.TC002_LoginTest - Clicked on 'login'
09:59:58 [main] INFO  testCases.TC002_LoginTest - *** Starting verifyLogin Test
09:59:58 [main] INFO  testCases.TC002_LoginTest - Clicked on 'My Account'
09:59:58 [main] INFO  testCases.TC002_LoginTest - Clicked on 'Login'
10:02:27 [main] INFO  testCases.TC002_LoginTest - *** Starting verifyLogin Test
10:02:27 [main] INFO  testCases.TC002_LoginTest - Clicked on 'My Account'
10:02:28 [main] INFO  testCases.TC002_LoginTest - Clicked on 'Login'
10:25:54 [main] INFO  testCases.TC002_LoginTest - *** Starting verifyLogin Test
10:25:55 [main] INFO  testCases.TC002_LoginTest - Clicked on 'My Account'
10:25:55 [main] INFO  testCases.TC002_LoginTest - Clicked on 'Login'
18:13:07 [main] INFO  testCases.TC002_LoginTest - *** Starting verifyLogin Test
18:13:07 [main] INFO  testCases.TC002_LoginTest - Clicked on 'My Account'
18:13:07 [main] INFO  testCases.TC002_LoginTest - Clicked on 'Login'
18:14:36 [main] INFO  testCases.TC002_LoginTest - *** Starting verifyLogin Test
18:14:37 [main] INFO  testCases.TC002_LoginTest - Clicked on 'My Account'
18:14:37 [main] INFO  testCases.TC002_LoginTest - Clicked on 'Login'
18:15:41 [main] INFO  testCases.TC002_LoginTest - *** Starting verifyLogin Test
18:15:41 [main] INFO  testCases.TC002_LoginTest - Clicked on 'My Account'
18:15:41 [main] INFO  testCases.TC002_LoginTest - Clicked on 'Login'
18:16:29 [main] INFO  testCases.TC002_LoginTest - *** Starting verifyLogin Test
18:16:29 [main] INFO  testCases.TC002_LoginTest - Clicked on 'My Account'
18:16:29 [main] INFO  testCases.TC002_LoginTest - Clicked on 'Login'
18:16:30 [main] INFO  testCases.TC002_LoginTest - **Finished Login Test**
19:38:14 [main] INFO  testCases.TC001_AccountRegistrationTest - *****Executing verify_Account_Registration****
19:38:15 [main] INFO  testCases.TC001_AccountRegistrationTest - clicked on myaccount
19:38:15 [main] INFO  testCases.TC001_AccountRegistrationTest - clicked on register
19:38:17 [main] INFO  testCases.TC001_AccountRegistrationTest - verifying the Account Created message
19:38:21 [main] INFO  testCases.TC002_LoginTest - *** Starting verifyLogin Test
19:38:21 [main] INFO  testCases.TC002_LoginTest - Clicked on 'My Account'
19:38:22 [main] INFO  testCases.TC002_LoginTest - Clicked on 'Login'
19:38:23 [main] INFO  testCases.TC002_LoginTest - **Finished Login Test**
19:44:06 [main] INFO  testCases.TC001_AccountRegistrationTest - *****Executing verify_Account_Registration****
19:44:06 [main] INFO  testCases.TC001_AccountRegistrationTest - clicked on myaccount
19:44:07 [main] INFO  testCases.TC001_AccountRegistrationTest - clicked on register
19:44:09 [main] INFO  testCases.TC001_AccountRegistrationTest - verifying the Account Created message
19:44:14 [main] INFO  testCases.TC002_LoginTest - *** Starting verifyLogin Test
19:44:14 [main] INFO  testCases.TC002_LoginTest - Clicked on 'My Account'
19:44:15 [main] INFO  testCases.TC002_LoginTest - Clicked on 'Login'
19:44:16 [main] INFO  testCases.TC002_LoginTest - **Finished Login Test**
19:45:33 [main] INFO  testCases.TC001_AccountRegistrationTest - *****Executing verify_Account_Registration****
19:45:33 [main] INFO  testCases.TC001_AccountRegistrationTest - clicked on myaccount
19:45:34 [main] INFO  testCases.TC001_AccountRegistrationTest - clicked on register
19:45:36 [main] INFO  testCases.TC001_AccountRegistrationTest - verifying the Account Created message
19:45:39 [main] INFO  testCases.TC002_LoginTest - *** Starting verifyLogin Test
19:45:39 [main] INFO  testCases.TC002_LoginTest - Clicked on 'My Account'
19:45:40 [main] INFO  testCases.TC002_LoginTest - Clicked on 'Login'
10:35:45 [main] INFO  testCases.TC001_AccountRegistrationTest - *****Executing verify_Account_Registration****
10:35:45 [main] INFO  testCases.TC001_AccountRegistrationTest - clicked on myaccount
10:35:46 [main] INFO  testCases.TC001_AccountRegistrationTest - clicked on register
10:35:47 [main] INFO  testCases.TC001_AccountRegistrationTest - verifying the Account Created message
10:35:51 [main] INFO  testCases.TC002_LoginTest - *** Starting verifyLogin Test
10:35:51 [main] INFO  testCases.TC002_LoginTest - Clicked on 'My Account'
10:35:52 [main] INFO  testCases.TC002_LoginTest - Clicked on 'Login'
10:36:26 [main] INFO  testCases.TC001_AccountRegistrationTest - *****Executing verify_Account_Registration****
10:36:26 [main] INFO  testCases.TC001_AccountRegistrationTest - clicked on myaccount
10:36:26 [main] INFO  testCases.TC001_AccountRegistrationTest - clicked on register
10:36:28 [main] INFO  testCases.TC001_AccountRegistrationTest - verifying the Account Created message
10:36:32 [main] INFO  testCases.TC002_LoginTest - *** Starting verifyLogin Test
10:36:32 [main] INFO  testCases.TC002_LoginTest - Clicked on 'My Account'
10:36:32 [main] INFO  testCases.TC002_LoginTest - Clicked on 'Login'
10:36:33 [main] INFO  testCases.TC002_LoginTest - **Finished Login Test**
11:02:05 [main] INFO  testCases.TC001_AccountRegistrationTest - *****Executing verify_Account_Registration****
11:02:05 [main] INFO  testCases.TC001_AccountRegistrationTest - clicked on myaccount
11:02:06 [main] INFO  testCases.TC001_AccountRegistrationTest - clicked on register
11:02:07 [main] INFO  testCases.TC001_AccountRegistrationTest - verifying the Account Created message
11:02:10 [main] INFO  testCases.TC002_LoginTest - *** Starting verifyLogin Test
11:02:10 [main] INFO  testCases.TC002_LoginTest - Clicked on 'My Account'
11:02:11 [main] INFO  testCases.TC002_LoginTest - Clicked on 'Login'
11:02:12 [main] INFO  testCases.TC002_LoginTest - **Finished Login Test**
18:24:08 [main] INFO  testCases.TC001_AccountRegistrationTest - *****Executing verify_Account_Registration****
18:24:08 [main] INFO  testCases.TC001_AccountRegistrationTest - clicked on myaccount
18:24:08 [main] INFO  testCases.TC001_AccountRegistrationTest - clicked on register
18:24:10 [main] INFO  testCases.TC001_AccountRegistrationTest - verifying the Account Created message
18:24:14 [main] INFO  testCases.TC002_LoginTest - *** Starting verifyLogin Test
18:24:14 [main] INFO  testCases.TC002_LoginTest - Clicked on 'My Account'
18:24:14 [main] INFO  testCases.TC002_LoginTest - Clicked on 'Login'
18:24:15 [main] INFO  testCases.TC002_LoginTest - **Finished Login Test**
18:27:55 [main] INFO  testCases.TC001_AccountRegistrationTest - *****Executing verify_Account_Registration****
18:27:55 [main] INFO  testCases.TC001_AccountRegistrationTest - clicked on myaccount
18:27:55 [main] INFO  testCases.TC001_AccountRegistrationTest - clicked on register
18:27:57 [main] INFO  testCases.TC001_AccountRegistrationTest - verifying the Account Created message
18:28:02 [main] INFO  testCases.TC002_LoginTest - *** Starting verifyLogin Test
18:28:02 [main] INFO  testCases.TC002_LoginTest - Clicked on 'My Account'
18:28:02 [main] INFO  testCases.TC002_LoginTest - Clicked on 'Login'
18:28:03 [main] INFO  testCases.TC002_LoginTest - **Finished Login Test**
18:30:20 [main] INFO  testCases.TC001_AccountRegistrationTest - *****Executing verify_Account_Registration****
18:30:20 [main] INFO  testCases.TC001_AccountRegistrationTest - clicked on myaccount
18:30:21 [main] INFO  testCases.TC001_AccountRegistrationTest - clicked on register
18:30:23 [main] INFO  testCases.TC001_AccountRegistrationTest - verifying the Account Created message
18:30:27 [main] INFO  testCases.TC002_LoginTest - *** Starting verifyLogin Test
18:30:27 [main] INFO  testCases.TC002_LoginTest - Clicked on 'My Account'
18:30:27 [main] INFO  testCases.TC002_LoginTest - Clicked on 'Login'
18:30:28 [main] INFO  testCases.TC002_LoginTest - **Finished Login Test**
18:31:20 [main] INFO  testCases.TC001_AccountRegistrationTest - *****Executing verify_Account_Registration****
18:31:20 [main] INFO  testCases.TC001_AccountRegistrationTest - clicked on myaccount
18:31:21 [main] INFO  testCases.TC001_AccountRegistrationTest - clicked on register
18:31:23 [main] INFO  testCases.TC001_AccountRegistrationTest - verifying the Account Created message
18:31:27 [main] INFO  testCases.TC002_LoginTest - *** Starting verifyLogin Test
18:31:27 [main] INFO  testCases.TC002_LoginTest - Clicked on 'My Account'
18:31:28 [main] INFO  testCases.TC002_LoginTest - Clicked on 'Login'
18:31:29 [main] INFO  testCases.TC002_LoginTest - **Finished Login Test**
